<?xml version="1.0" encoding="UTF-8"?>
<testsuite name="mooc.vandy.java4android.buildings.logic.AutoGraderPreview" tests="1" skipped="0" failures="0" errors="0" timestamp="2022-11-06T14:20:05" hostname="anujdagade-buildingspro-tgb9o3ci6kf" time="0.38">
  <properties/>
  <testcase name="graderPreview" classname="mooc.vandy.java4android.buildings.logic.AutoGraderPreview" time="0.38"/>
  <system-out><![CDATA[

Your assignment HAS NOT BEEN SUBMITTED. The following test results only
estimate your grade.


Your estimated score is: 13.0/18
(This is not your actual grade for this assignment, just an estimate. Your
official grade will be calculated after you submit your submission.zip file to
Coursera.


------------------------------Assignment Evaluation-----------------------------
--------Your solution received points for the following grading rubrics:--------


testSetSpaces
Rubric Score: 1.0/1.0
Goal: The goal of this evaluation is to testSetSpaces
Reference: This Test fails when: The Number of parking spaces was set
incorrectly

testHouseOwner
Rubric Score: 1.0/1.0
Goal: The goal of this evaluation is to testHouseOwner
Reference: This Test fails when: The House owner was incorrect

testHousePool
Rubric Score: 1.0/1.0
Goal: The goal of this evaluation is to testHousePool
Reference: This Test fails when: The House class is incorrect with having a pool

testHouseAreas
Rubric Score: 1.0/1.0
Goal: The goal of this evaluation is to testHouseAreas
Reference: This Test fails when: The House area/lot area miscalculated - check
class hierarchy

testCottageSecondFloor
Rubric Score: 1.0/1.0
Goal: The goal of this evaluation is to testCottageSecondFloor
Reference: This Test fails when: The Two story cottage failed

testCottageSingleFloor
Rubric Score: 1.0/1.0
Goal: The goal of this evaluation is to testCottageSingleFloor
Reference: This Test fails when: The Single story cottage failed

testOfficeArea
Rubric Score: 1.0/1.0
Goal: The goal of this evaluation is to testOfficeArea
Reference: This Test fails when: The Office area miscalculated - check class
hierarchy

testBuildingArea
Rubric Score: 1.0/1.0
Goal: The goal of this evaluation is to testBuildingArea
Reference: This Test fails when: The Building area miscalculated

testBuildingLotArea
Rubric Score: 1.0/1.0
Goal: The goal of this evaluation is to testBuildingLotArea
Reference: This Test fails when: The Building lot area miscalculated

testOfficeConstructor
Rubric Score: 1.0/1.0
Goal: The goal of this evaluation is to testOfficeConstructor
Reference: This Test fails when: The Office doesn't have 0 default parking spots

testBuildingSetAndGet
Rubric Score: 2.0/2.0
Goal: The goal of this evaluation is to testBuildingSetAndGet
Reference: This Test fails when: 1 or more of the Building.Set/Get had a problem

testOfficeLotArea
Rubric Score: 1.0/1.0
Goal: The goal of this evaluation is to testOfficeLotArea
Reference: This Test fails when: The Office lot area miscalculated - check class
hierarchy

----------Your solution missed points on the following grading rubrics:---------


testOfficeEquals
Rubric Score: 0.0/1.0
Goal: The goal of this evaluation is to testOfficeEquals
Reference: This Test fails when: The Office equals() is wrong

testHouseToString
Rubric Score: 0.0/1.0
Goal: The goal of this evaluation is to testHouseToString
Reference: This Test fails when: The House.toString() produced unexpected output

testHouseEquals
Rubric Score: 0.0/1.0
Goal: The goal of this evaluation is to testHouseEquals
Reference: This Test fails when: The House equals method failed

testNeighborhoodArea
Rubric Score: 0.0/1.0
Goal: The goal of this evaluation is to testNeighborhoodArea
Reference: This Test fails when: The Neighborhood area calculation was wrong

testOfficeString
Rubric Score: 0.0/1.0
Goal: The goal of this evaluation is to testOfficeString
Reference: This Test fails when: The Office toString() method is incorrect


]]></system-out>
  <system-err><![CDATA[]]></system-err>
</testsuite>
