<?xml version="1.0" encoding="UTF-8"?>
<testsuite name="mooc.vandy.java4android.buildings.logic.UnitTests" tests="17" skipped="0" failures="4" errors="0" timestamp="2022-11-09T12:52:42" hostname="anujdagade-buildingspro-tgb9o3ci6kf" time="0.037">
  <properties/>
  <testcase name="testCottageSecondFloor" classname="mooc.vandy.java4android.buildings.logic.UnitTests" time="0.01"/>
  <testcase name="testHouseToString" classname="mooc.vandy.java4android.buildings.logic.UnitTests" time="0.003">
    <failure message="org.junit.ComparisonFailure: expected:&lt;...er: John Adams; has [a ]big open space&gt; but was:&lt;...er: John Adams; has []big open space&gt;" type="org.junit.ComparisonFailure">org.junit.ComparisonFailure: expected:&lt;...er: John Adams; has [a ]big open space&gt; but was:&lt;...er: John Adams; has []big open space&gt;
	at org.junit.Assert.assertEquals(Assert.java:117)
	at org.junit.Assert.assertEquals(Assert.java:146)
	at mooc.vandy.java4android.buildings.logic.UnitTests.testHouseToString(UnitTests.java:208)
	at java.base/jdk.internal.reflect.NativeMethodAccessorImpl.invoke0(Native Method)
	at java.base/jdk.internal.reflect.NativeMethodAccessorImpl.invoke(NativeMethodAccessorImpl.java:62)
	at java.base/jdk.internal.reflect.DelegatingMethodAccessorImpl.invoke(DelegatingMethodAccessorImpl.java:43)
	at java.base/java.lang.reflect.Method.invoke(Method.java:566)
	at org.junit.runners.model.FrameworkMethod$1.runReflectiveCall(FrameworkMethod.java:59)
	at org.junit.internal.runners.model.ReflectiveCallable.run(ReflectiveCallable.java:12)
	at org.junit.runners.model.FrameworkMethod.invokeExplosively(FrameworkMethod.java:56)
	at org.junit.internal.runners.statements.InvokeMethod.evaluate(InvokeMethod.java:17)
	at org.junit.internal.runners.statements.FailOnTimeout$CallableStatement.call(FailOnTimeout.java:288)
	at org.junit.internal.runners.statements.FailOnTimeout$CallableStatement.call(FailOnTimeout.java:282)
	at java.base/java.util.concurrent.FutureTask.run(FutureTask.java:264)
	at java.base/java.lang.Thread.run(Thread.java:829)
</failure>
  </testcase>
  <testcase name="testOfficeEquals" classname="mooc.vandy.java4android.buildings.logic.UnitTests" time="0.002">
    <failure message="java.lang.AssertionError: expected:&lt;Business: o1 (total offices: 2)&gt; but was:&lt;Business: o2 (total offices: 2)&gt;" type="java.lang.AssertionError">java.lang.AssertionError: expected:&lt;Business: o1 (total offices: 2)&gt; but was:&lt;Business: o2 (total offices: 2)&gt;
	at org.junit.Assert.fail(Assert.java:89)
	at org.junit.Assert.failNotEquals(Assert.java:835)
	at org.junit.Assert.assertEquals(Assert.java:120)
	at org.junit.Assert.assertEquals(Assert.java:146)
	at mooc.vandy.java4android.buildings.logic.UnitTests.testOfficeEquals(UnitTests.java:150)
	at java.base/jdk.internal.reflect.NativeMethodAccessorImpl.invoke0(Native Method)
	at java.base/jdk.internal.reflect.NativeMethodAccessorImpl.invoke(NativeMethodAccessorImpl.java:62)
	at java.base/jdk.internal.reflect.DelegatingMethodAccessorImpl.invoke(DelegatingMethodAccessorImpl.java:43)
	at java.base/java.lang.reflect.Method.invoke(Method.java:566)
	at org.junit.runners.model.FrameworkMethod$1.runReflectiveCall(FrameworkMethod.java:59)
	at org.junit.internal.runners.model.ReflectiveCallable.run(ReflectiveCallable.java:12)
	at org.junit.runners.model.FrameworkMethod.invokeExplosively(FrameworkMethod.java:56)
	at org.junit.internal.runners.statements.InvokeMethod.evaluate(InvokeMethod.java:17)
	at org.junit.internal.runners.statements.FailOnTimeout$CallableStatement.call(FailOnTimeout.java:288)
	at org.junit.internal.runners.statements.FailOnTimeout$CallableStatement.call(FailOnTimeout.java:282)
	at java.base/java.util.concurrent.FutureTask.run(FutureTask.java:264)
	at java.base/java.lang.Thread.run(Thread.java:829)
</failure>
  </testcase>
  <testcase name="testOfficeArea" classname="mooc.vandy.java4android.buildings.logic.UnitTests" time="0.001"/>
  <testcase name="testBuildingSetAndGet" classname="mooc.vandy.java4android.buildings.logic.UnitTests" time="0.001"/>
  <testcase name="testOfficeString" classname="mooc.vandy.java4android.buildings.logic.UnitTests" time="0.0"/>
  <testcase name="testNeighborhoodArea" classname="mooc.vandy.java4android.buildings.logic.UnitTests" time="0.003">
    <failure message="java.lang.AssertionError: expected:&lt;5&gt; but was:&lt;10&gt;" type="java.lang.AssertionError">java.lang.AssertionError: expected:&lt;5&gt; but was:&lt;10&gt;
	at org.junit.Assert.fail(Assert.java:89)
	at org.junit.Assert.failNotEquals(Assert.java:835)
	at org.junit.Assert.assertEquals(Assert.java:647)
	at org.junit.Assert.assertEquals(Assert.java:633)
	at mooc.vandy.java4android.buildings.logic.UnitTests.testNeighborhoodArea(UnitTests.java:273)
	at java.base/jdk.internal.reflect.NativeMethodAccessorImpl.invoke0(Native Method)
	at java.base/jdk.internal.reflect.NativeMethodAccessorImpl.invoke(NativeMethodAccessorImpl.java:62)
	at java.base/jdk.internal.reflect.DelegatingMethodAccessorImpl.invoke(DelegatingMethodAccessorImpl.java:43)
	at java.base/java.lang.reflect.Method.invoke(Method.java:566)
	at org.junit.runners.model.FrameworkMethod$1.runReflectiveCall(FrameworkMethod.java:59)
	at org.junit.internal.runners.model.ReflectiveCallable.run(ReflectiveCallable.java:12)
	at org.junit.runners.model.FrameworkMethod.invokeExplosively(FrameworkMethod.java:56)
	at org.junit.internal.runners.statements.InvokeMethod.evaluate(InvokeMethod.java:17)
	at org.junit.internal.runners.statements.FailOnTimeout$CallableStatement.call(FailOnTimeout.java:288)
	at org.junit.internal.runners.statements.FailOnTimeout$CallableStatement.call(FailOnTimeout.java:282)
	at java.base/java.util.concurrent.FutureTask.run(FutureTask.java:264)
	at java.base/java.lang.Thread.run(Thread.java:829)
</failure>
  </testcase>
  <testcase name="testBuildingLotArea" classname="mooc.vandy.java4android.buildings.logic.UnitTests" time="0.001"/>
  <testcase name="testBuildingArea" classname="mooc.vandy.java4android.buildings.logic.UnitTests" time="0.002"/>
  <testcase name="testHouseEquals" classname="mooc.vandy.java4android.buildings.logic.UnitTests" time="0.001">
    <failure message="java.lang.AssertionError: expected:&lt;Owner: Thomas Jefferson;has a pool; has big open space&gt; but was:&lt;Owner: James Madison;has a pool; has big open space&gt;" type="java.lang.AssertionError">java.lang.AssertionError: expected:&lt;Owner: Thomas Jefferson;has a pool; has big open space&gt; but was:&lt;Owner: James Madison;has a pool; has big open space&gt;
	at org.junit.Assert.fail(Assert.java:89)
	at org.junit.Assert.failNotEquals(Assert.java:835)
	at org.junit.Assert.assertEquals(Assert.java:120)
	at org.junit.Assert.assertEquals(Assert.java:146)
	at mooc.vandy.java4android.buildings.logic.UnitTests.testHouseEquals(UnitTests.java:222)
	at java.base/jdk.internal.reflect.NativeMethodAccessorImpl.invoke0(Native Method)
	at java.base/jdk.internal.reflect.NativeMethodAccessorImpl.invoke(NativeMethodAccessorImpl.java:62)
	at java.base/jdk.internal.reflect.DelegatingMethodAccessorImpl.invoke(DelegatingMethodAccessorImpl.java:43)
	at java.base/java.lang.reflect.Method.invoke(Method.java:566)
	at org.junit.runners.model.FrameworkMethod$1.runReflectiveCall(FrameworkMethod.java:59)
	at org.junit.internal.runners.model.ReflectiveCallable.run(ReflectiveCallable.java:12)
	at org.junit.runners.model.FrameworkMethod.invokeExplosively(FrameworkMethod.java:56)
	at org.junit.internal.runners.statements.InvokeMethod.evaluate(InvokeMethod.java:17)
	at org.junit.internal.runners.statements.FailOnTimeout$CallableStatement.call(FailOnTimeout.java:288)
	at org.junit.internal.runners.statements.FailOnTimeout$CallableStatement.call(FailOnTimeout.java:282)
	at java.base/java.util.concurrent.FutureTask.run(FutureTask.java:264)
	at java.base/java.lang.Thread.run(Thread.java:829)
</failure>
  </testcase>
  <testcase name="testOfficeConstructor" classname="mooc.vandy.java4android.buildings.logic.UnitTests" time="0.001"/>
  <testcase name="testCottageSingleFloor" classname="mooc.vandy.java4android.buildings.logic.UnitTests" time="0.002"/>
  <testcase name="testOfficeLotArea" classname="mooc.vandy.java4android.buildings.logic.UnitTests" time="0.001"/>
  <testcase name="testHouseAreas" classname="mooc.vandy.java4android.buildings.logic.UnitTests" time="0.001"/>
  <testcase name="testSetSpaces" classname="mooc.vandy.java4android.buildings.logic.UnitTests" time="0.001"/>
  <testcase name="testHouseOwner" classname="mooc.vandy.java4android.buildings.logic.UnitTests" time="0.002"/>
  <testcase name="testHousePool" classname="mooc.vandy.java4android.buildings.logic.UnitTests" time="0.001"/>
  <system-out><![CDATA[]]></system-out>
  <system-err><![CDATA[]]></system-err>
</testsuite>
